<?xml version="1.0" encoding="UTF-8"?>
<!-- Generated by org.testng.reporters.JUnitReportReporter -->
<testsuite hostname="DESKTOP-M1HI0CI" failures="0" tests="6" name="test.TestNGclass" time="0.054" errors="0" timestamp="07 May 2024 02:53:42 GMT" skipped="1">
  <testcase classname="test.TestNGclass" name="test01" time="0.026"/>
  <testcase classname="test.TestNGclass" name="test02" time="0.010"/>
  <testcase classname="test.TestNGclass" name="test04" time="0.002"/>
  <testcase classname="test.TestNGclass" name="test04" time="0.007"/>
  <testcase classname="test.TestNGclass" name="test04" time="0.009"/>
  <testcase classname="test.TestNGclass" name="test03">
    <skipped/>
  </testcase> <!-- test03 -->
</testsuite> <!-- test.TestNGclass -->
